<?xml version="1.0" encoding="UTF-8"?>
<!-- Generated by org.testng.reporters.JUnitReportReporter -->
<testsuite hostname="DESKTOP-L62HK89" failures="0" tests="1" name="testCases.EditCustomer_Test" time="3.197" errors="0" timestamp="2024-12-19T18:31:42 IST" skipped="0">
  <testcase classname="testCases.EditCustomer_Test" name="editCustomer" time="3.197"/>
</testsuite> <!-- testCases.EditCustomer_Test -->
