<?xml version="1.0" encoding="UTF-8"?>
<!-- Generated by org.testng.reporters.JUnitReportReporter -->
<testsuite hostname="DESKTOP-L62HK89" failures="0" tests="1" name="testCases.NewAccount_Test" time="3.382" errors="0" timestamp="2024-12-19T18:31:42 IST" skipped="0">
  <testcase classname="testCases.NewAccount_Test" name="createNewAccount" time="3.382"/>
</testsuite> <!-- testCases.NewAccount_Test -->
