<?xml version="1.0" encoding="UTF-8"?>
<!-- Generated by org.testng.reporters.JUnitReportReporter -->
<testsuite hostname="DESKTOP-L62HK89" failures="0" tests="1" name="testCases.FundTransfer_Test" time="2.519" errors="0" timestamp="2024-12-19T18:31:42 IST" skipped="0">
  <testcase classname="testCases.FundTransfer_Test" name="sendFundTransfer" time="2.519"/>
</testsuite> <!-- testCases.FundTransfer_Test -->
