<?xml version="1.0" encoding="UTF-8"?>
<!-- Generated by org.testng.reporters.JUnitReportReporter -->
<testsuite hostname="DESKTOP-L62HK89" failures="0" tests="1" name="testCases.LoginPage_Test" time="1.396" errors="0" timestamp="2024-12-19T18:31:42 IST" skipped="0">
  <testcase classname="testCases.LoginPage_Test" name="loginTest" time="1.396"/>
</testsuite> <!-- testCases.LoginPage_Test -->
