<?xml version="1.0" encoding="UTF-8"?>
<!-- Generated by org.testng.reporters.JUnitReportReporter -->
<testsuite hostname="DESKTOP-L62HK89" failures="0" tests="1" name="testCases.AddCustomer_Test" time="4.340" errors="0" timestamp="2024-12-08T21:53:36 IST" skipped="0">
  <testcase classname="testCases.AddCustomer_Test" name="addCustomer" time="4.340"/>
</testsuite> <!-- testCases.AddCustomer_Test -->
